[2024-10-23 12:30:44,029: INFO: main: Welcome to our custom log]
[2024-10-24 11:38:45,331: INFO: common: yaml file: config\config.yaml loaded successfully]
[2024-10-24 11:38:45,338: INFO: common: yaml file: params.yaml loaded successfully]
[2024-10-24 11:38:45,341: INFO: common: created directory at: artifacts]
[2024-10-24 11:38:45,343: INFO: common: created directory at: artifacts/data_ingestion]
[2024-10-24 11:38:45,344: INFO: 986331348: Downloading data from https://drive.google.com/file/d/1vlhZ5c7abUKF8xXERIw6m9Te8fW7ohw3/view?usp=sharing into file artifacts/data_ingestion/data.zip]
[2024-10-24 11:38:54,661: INFO: 986331348: Downloaded data from https://drive.google.com/file/d/1vlhZ5c7abUKF8xXERIw6m9Te8fW7ohw3/view?usp=sharing into file artifacts/data_ingestion/data.zip]
[2024-10-24 13:09:41,966: INFO: common: yaml file: config\config.yaml loaded successfully]
[2024-10-24 13:09:41,971: INFO: common: yaml file: params.yaml loaded successfully]
[2024-10-24 13:09:41,974: INFO: common: created directory at: artifacts]
[2024-10-24 13:09:41,976: INFO: common: created directory at: artifacts/data_ingestion]
[2024-10-24 13:09:41,979: INFO: 986331348: Downloading data from https://drive.google.com/file/d/1vlhZ5c7abUKF8xXERIw6m9Te8fW7ohw3/view?usp=sharing into file artifacts/data_ingestion/data.zip]
[2024-10-24 13:09:51,796: INFO: 986331348: Downloaded data from https://drive.google.com/file/d/1vlhZ5c7abUKF8xXERIw6m9Te8fW7ohw3/view?usp=sharing into file artifacts/data_ingestion/data.zip]
[2024-10-24 13:15:53,443: ERROR: main: name 'STAGE_NAME' is not defined]
Traceback (most recent call last):
  File "C:\Users\islam\Downloads\kidney-Disease-classification-Deep-learning-project\main.py", line 17, in <module>
    logger.info(f">>>>>> stage {STAGE_NAME} started <<<<<<")
NameError: name 'STAGE_NAME' is not defined
[2024-10-24 13:18:52,764: INFO: main: >>>>>> stage Data Ingestion stage started <<<<<<]
[2024-10-24 13:18:52,767: INFO: common: yaml file: config\config.yaml loaded successfully]
[2024-10-24 13:18:52,769: INFO: common: yaml file: params.yaml loaded successfully]
[2024-10-24 13:18:52,770: INFO: common: created directory at: artifacts]
[2024-10-24 13:18:52,771: INFO: common: created directory at: artifacts/data_ingestion]
[2024-10-24 13:18:52,772: INFO: data_ingestion: Downloading data from https://drive.google.com/file/d/1vlhZ5c7abUKF8xXERIw6m9Te8fW7ohw3/view?usp=sharing into file artifacts/data_ingestion/data.zip]
[2024-10-24 13:19:02,384: INFO: data_ingestion: Downloaded data from https://drive.google.com/file/d/1vlhZ5c7abUKF8xXERIw6m9Te8fW7ohw3/view?usp=sharing into file artifacts/data_ingestion/data.zip]
[2024-10-24 13:19:04,098: INFO: main: >>>>>> stage Data Ingestion stage completed <<<<<<

x==========x]
[2024-10-25 11:07:56,193: INFO: common: yaml file: config\config.yaml loaded successfully]
[2024-10-25 11:07:56,222: INFO: common: yaml file: params.yaml loaded successfully]
[2024-10-25 11:07:56,248: INFO: common: created directory at: artifacts]
[2024-10-25 11:07:56,251: INFO: common: created directory at: artifacts/prepare_base_model]
[2024-10-25 11:08:11,816: WARNING: saving_utils: Compiled the loaded model, but the compiled metrics have yet to be built. `model.compile_metrics` will be empty until you train or evaluate the model.]
[2024-10-25 11:33:04,668: INFO: common: yaml file: config\config.yaml loaded successfully]
[2024-10-25 11:33:04,676: INFO: common: yaml file: params.yaml loaded successfully]
[2024-10-25 11:33:04,676: INFO: common: created directory at: artifacts]
[2024-10-25 11:33:04,680: INFO: common: created directory at: artifacts/prepare_base_model]
[2024-10-25 11:33:05,472: WARNING: saving_utils: Compiled the loaded model, but the compiled metrics have yet to be built. `model.compile_metrics` will be empty until you train or evaluate the model.]
[2024-10-25 11:45:00,181: INFO: main: >>>>>> stage Data Ingestion stage started <<<<<<]
[2024-10-25 11:45:00,181: INFO: common: yaml file: config\config.yaml loaded successfully]
[2024-10-25 11:45:00,197: INFO: common: yaml file: params.yaml loaded successfully]
[2024-10-25 11:45:00,197: INFO: common: created directory at: artifacts]
[2024-10-25 11:45:00,197: ERROR: main: 'ConfigurationManager' object has no attribute 'get_data_ingestion_config']
Traceback (most recent call last):
  File "main.py", line 20, in <module>
    obj.main()
  File "C:\Users/islam/Downloads/kidney-Disease-classification-Deep-learning-project/src\cnnClassifier\pipeline\stage_01_data_ingestion.py", line 14, in main
    data_ingestion_config = config.get_data_ingestion_config()
AttributeError: 'ConfigurationManager' object has no attribute 'get_data_ingestion_config'
[2024-10-25 12:14:35,792: INFO: main: >>>>>> stage Data Ingestion stage started <<<<<<]
[2024-10-25 12:14:35,809: INFO: common: yaml file: config\config.yaml loaded successfully]
[2024-10-25 12:14:35,809: INFO: common: yaml file: params.yaml loaded successfully]
[2024-10-25 12:14:35,809: INFO: common: created directory at: artifacts]
[2024-10-25 12:14:35,809: INFO: common: created directory at: artifacts/data_ingestion]
[2024-10-25 12:14:35,809: INFO: data_ingestion: Downloading data from https://drive.google.com/file/d/1vlhZ5c7abUKF8xXERIw6m9Te8fW7ohw3/view?usp=sharing into file artifacts/data_ingestion/data.zip]
[2024-10-25 12:14:48,568: INFO: data_ingestion: Downloaded data from https://drive.google.com/file/d/1vlhZ5c7abUKF8xXERIw6m9Te8fW7ohw3/view?usp=sharing into file artifacts/data_ingestion/data.zip]
[2024-10-25 12:14:53,298: INFO: main: >>>>>> stage Data Ingestion stage completed <<<<<<

x==========x]
[2024-10-25 12:14:53,298: INFO: main: *******************]
[2024-10-25 12:14:53,298: INFO: main: >>>>>> stage Prepare base model started <<<<<<]
[2024-10-25 12:14:53,298: INFO: common: yaml file: config\config.yaml loaded successfully]
[2024-10-25 12:14:53,298: INFO: common: yaml file: params.yaml loaded successfully]
[2024-10-25 12:14:53,313: INFO: common: created directory at: artifacts]
[2024-10-25 12:14:53,313: INFO: common: created directory at: artifacts/prepare_base_model]
[2024-10-25 12:14:55,703: WARNING: saving_utils: Compiled the loaded model, but the compiled metrics have yet to be built. `model.compile_metrics` will be empty until you train or evaluate the model.]
[2024-10-25 12:14:57,020: INFO: main: >>>>>> stage Prepare base model completed <<<<<<

x==========x]
